 622  0Z   hdist:     170.0   amp:        1930.7 T:   0.7   ml =  3.99
 629  0Z   hdist:      92.9   amp:        5389.1 T:   0.7   ml =  4.00
 627  0Z   hdist:     106.0   amp:        6763.1 T:   0.6   ml =  4.19
 626  0Z   hdist:     137.0   amp:        1874.4 T:   0.7   ml =  3.81
 624  0Z   hdist:     141.0   amp:        5848.4 T:   0.5   ml =  4.33
 623  0Z   hdist:     152.0   amp:        3316.0 T:   0.9   ml =  4.14
 632  0Z   hdist:      50.9   amp:        3428.0 T:   0.5   ml =  3.44
 630  0Z   hdist:      59.9   amp:        6335.7 T:   0.5   ml =  3.80
 628  0Z   hdist:     111.0   amp:       13247.3 T:   0.3   ml =  4.51
 631  0Z   hdist:     113.0   amp:        2476.7 T:   0.6   ml =  3.80
 621  0Z   hdist:     178.0   amp:        3575.6 T:   0.5   ml =  4.30
 621  0Z   hdist:     179.0   amp:           9.4 T:   0.3   ml =  1.72
 622  0Z   hdist:     170.0   amp:           5.2 T:   0.2   ml =  1.42
 623  0Z   hdist:     152.0   amp:           8.8 T:   0.6   ml =  1.56
 624  0Z   hdist:     141.0   amp:          12.9 T:   0.2   ml =  1.67
 625  0Z   hdist:     137.0   amp:           9.9 T:   0.2   ml =  1.54
 626  0Z   hdist:     139.0   amp:          10.3 T:   0.3   ml =  1.56
 627  0Z   hdist:     107.0   amp:          10.4 T:   0.1   ml =  1.38
 630  0Z   hdist:      60.4   amp:          14.1 T:   0.1   ml =  1.15
 632  0Z   hdist:      53.6   amp:          32.4 T:   0.1   ml =  1.44
 628  0N   hdist:      16.7   amp:          79.2 T:   0.1   ml =  1.20
 627  0E   hdist:      33.6   amp:          13.9 T:   0.1   ml =  0.81
 624  0N   hdist:      34.5   amp:           9.4 T:   0.2   ml =  0.65
 625  0E   hdist:      44.2   amp:           3.4 T:   0.4   ml =  0.35
 623  0E   hdist:      48.9   amp:           2.5 T:   0.2   ml =  0.28
 630  0E   hdist:      55.8   amp:           4.5 T:   0.2   ml =  0.61
 622  0N   hdist:      63.4   amp:           2.5 T:   0.1   ml =  0.43
 626  0N   hdist:      67.8   amp:           1.7 T:   0.1   ml =  0.30
 632  0E   hdist:      41.2   amp:          57.3 T:   0.2   ml =  1.54
 631  0N   hdist:     108.0   amp:          17.3 T:   0.3   ml =  1.61
 628  0N   hdist:     141.0   amp:          11.8 T:   0.3   ml =  1.63
 626  0N   hdist:     151.0   amp:           4.8 T:   0.2   ml =  1.30
 625  0N   hdist:     159.0   amp:           7.3 T:   0.4   ml =  1.52
 624  0N   hdist:     170.0   amp:          10.4 T:   0.2   ml =  1.72
 623  0N   hdist:     177.0   amp:           3.6 T:   0.3   ml =  1.30
 622  0N   hdist:     196.0   amp:           6.4 T:   0.3   ml =  1.63
 621  0E   hdist:     198.0   amp:           2.6 T:   0.2   ml =  1.25
 632  0E   hdist:      40.4   amp:          55.3 T:   0.2   ml =  1.51
 631  0N   hdist:     107.0   amp:          17.2 T:   0.3   ml =  1.60
 628  0N   hdist:     141.0   amp:          12.3 T:   0.3   ml =  1.65
 626  0N   hdist:     151.0   amp:           4.8 T:   0.2   ml =  1.30
 625  0N   hdist:     158.0   amp:           7.2 T:   0.4   ml =  1.51
 624  0N   hdist:     170.0   amp:          10.4 T:   0.2   ml =  1.72
 623  0N   hdist:     176.0   amp:           3.5 T:   0.3   ml =  1.28
 622  0N   hdist:     196.0   amp:           6.3 T:   0.3   ml =  1.62
 621  0E   hdist:     198.0   amp:           2.5 T:   0.2   ml =  1.23
 621  0Z   hdist:      84.6   amp:           9.1 T:   0.3   ml =  1.17
 622  0Z   hdist:      57.4   amp:          12.4 T:   0.3   ml =  1.06
 623  0Z   hdist:      73.8   amp:           7.1 T:   0.2   ml =  0.97
 624  0Z   hdist:      68.1   amp:          13.9 T:   0.2   ml =  1.22
 627  0Z   hdist:     113.7   amp:           3.3 T:   0.7   ml =  0.93
 628  0Z   hdist:      94.5   amp:           4.9 T:   0.1   ml =  0.97
 629  0Z   hdist:     137.6   amp:           5.6 T:   0.2   ml =  1.29
 630  0Z   hdist:     148.6   amp:           4.1 T:   0.2   ml =  1.21
 620  0Z   hdist:      39.6   amp:          10.0 T:   0.3   ml =  0.76
 621  0Z   hdist:      83.2   amp:          14.7 T:   0.2   ml =  1.37
 629  0Z   hdist:     136.0   amp:           7.5 T:   0.2   ml =  1.41
 630  0Z   hdist:     147.0   amp:           5.9 T:   0.1   ml =  1.36
 632  0Z   hdist:     205.0   amp:           5.6 T:   0.2   ml =  1.61
 620  0Z   hdist:      37.3   amp:          17.0 T:   0.1   ml =  0.96
 628  0Z   hdist:      93.0   amp:          12.3 T:   0.2   ml =  1.36
 622  0Z   hdist:      55.4   amp:          25.9 T:   0.3   ml =  1.36
 623  0Z   hdist:      72.1   amp:           6.2 T:   0.2   ml =  0.90
 624  0Z   hdist:      64.5   amp:        1099.7 T:   0.6   ml =  3.08
 626  0Z   hdist:     113.3   amp:         523.9 T:   0.3   ml =  3.12
 630  0Z   hdist:     146.2   amp:         827.2 T:   0.4   ml =  3.51
 632  0E   hdist:     203.2   amp:         812.0 T:   0.9   ml =  3.77
 631  0Z   hdist:     181.2   amp:         925.8 T:   0.7   ml =  3.73
 629  0Z   hdist:     132.3   amp:         380.4 T:   0.8   ml =  3.10
 629  0E   hdist:     132.3   amp:         607.8 T:   0.5   ml =  3.30
 628  0E   hdist:      93.2   amp:         974.9 T:   0.5   ml =  3.26
 627  0Z   hdist:     109.3   amp:         393.3 T:   0.5   ml =  2.97
 625  0Z   hdist:      86.1   amp:         292.7 T:   0.6   ml =  2.69
 623  0Z   hdist:      65.7   amp:         561.1 T:   0.6   ml =  2.80
 622  0Z   hdist:      47.5   amp:        1684.0 T:   0.7   ml =  3.09
 621  0Z   hdist:      72.3   amp:        1077.3 T:   0.9   ml =  3.14
 620  0Z   hdist:      25.1   amp:        4036.6 T:   0.6   ml =  3.12
 620  0Z   hdist:      19.6   amp:          11.7 T:   0.2   ml =  0.45
 621  0Z   hdist:      58.5   amp:           1.7 T:   0.2   ml =  0.21
 623  0Z   hdist:      51.9   amp:           2.6 T:   0.3   ml =  0.33
 624  0Z   hdist:      53.4   amp:           4.1 T:   0.2   ml =  0.54
 626  0Z   hdist:      99.5   amp:           1.5 T:   0.2   ml =  0.49
 628  0Z   hdist:      83.3   amp:           2.9 T:   0.4   ml =  0.66
 631  0Z   hdist:     167.1   amp:           2.3 T:   0.2   ml =  1.06
 621  0Z   hdist:     198.0   amp:          22.5 T:   0.2   ml =  2.19
 623  0Z   hdist:     172.0   amp:          26.0 T:   0.3   ml =  2.13
 625  0Z   hdist:     157.0   amp:          33.8 T:   0.3   ml =  2.17
 626  0Z   hdist:     157.0   amp:          71.8 T:   0.4   ml =  2.50
 627  0Z   hdist:     126.0   amp:          53.7 T:   0.3   ml =  2.21
 628  0Z   hdist:     130.0   amp:          76.3 T:   0.2   ml =  2.38
 629  0Z   hdist:     113.0   amp:          34.4 T:   0.2   ml =  1.94
 630  0Z   hdist:      80.3   amp:          41.9 T:   0.5   ml =  1.80
 631  0Z   hdist:     129.0   amp:          43.5 T:   0.2   ml =  2.14
 620  0Z   hdist:      21.8   amp:          86.0 T:   0.1   ml =  1.37
 622  0Z   hdist:      32.9   amp:          43.3 T:   0.3   ml =  1.29
 623  0Z   hdist:      51.1   amp:          11.2 T:   0.3   ml =  0.95
 625  0Z   hdist:      71.7   amp:           5.7 T:   0.3   ml =  0.86
 628  0Z   hdist:      81.7   amp:          11.0 T:   0.3   ml =  1.23
 630  0Z   hdist:     134.2   amp:          28.1 T:   0.2   ml =  1.97
 631  0Z   hdist:     166.1   amp:           7.9 T:   0.2   ml =  1.59
 622  0Z   hdist:      34.5   amp:          70.8 T:   0.2   ml =  1.53
 623  0Z   hdist:      52.9   amp:          23.8 T:   0.2   ml =  1.30
 624  0Z   hdist:      53.0   amp:          56.6 T:   0.2   ml =  1.68
 625  0Z   hdist:      73.4   amp:          11.5 T:   0.3   ml =  1.18
 627  0Z   hdist:      97.1   amp:          10.6 T:   0.4   ml =  1.32
 628  0Z   hdist:      82.6   amp:          24.7 T:   0.3   ml =  1.59
 630  0Z   hdist:     136.1   amp:          78.9 T:   0.2   ml =  2.43
 631  0Z   hdist:     168.0   amp:          22.3 T:   0.2   ml =  2.05
 632  0Z   hdist:     191.0   amp:          14.6 T:   0.5   ml =  1.97
 620  0Z   hdist:      21.7   amp:         381.6 T:   0.1   ml =  2.02
 621  0Z   hdist:      60.3   amp:           4.6 T:   0.2   ml =  0.66
 622  0Z   hdist:      34.6   amp:          13.0 T:   0.2   ml =  0.80
 623  0Z   hdist:      52.8   amp:           6.3 T:   0.2   ml =  0.72
 624  0Z   hdist:      53.4   amp:          11.1 T:   0.1   ml =  0.97
 627  0Z   hdist:      97.1   amp:           2.7 T:   0.1   ml =  0.73
 628  0Z   hdist:      83.0   amp:           6.2 T:   0.2   ml =  0.99
 630  0Z   hdist:     136.2   amp:          17.6 T:   0.2   ml =  1.78
 631  0Z   hdist:     168.2   amp:           5.4 T:   0.4   ml =  1.43
 620  0Z   hdist:      21.9   amp:          51.0 T:   0.1   ml =  1.15
 621  0Z   hdist:      34.4   amp:          23.5 T:   0.2   ml =  1.05
 623  0Z   hdist:      31.8   amp:          41.9 T:   0.2   ml =  1.26
 624  0Z   hdist:      44.0   amp:          42.4 T:   0.1   ml =  1.44
 625  0Z   hdist:      49.7   amp:          10.0 T:   0.3   ml =  0.89
 620  0Z   hdist:      36.7   amp:          44.7 T:   0.1   ml =  1.37
 626  0Z   hdist:      72.9   amp:           6.5 T:   0.2   ml =  0.93
 628  0Z   hdist:      72.3   amp:          18.6 T:   0.2   ml =  1.38
 622  0Z   hdist:      62.7   amp:          33.0 T:   0.2   ml =  1.54
 623  0Z   hdist:      81.9   amp:          20.2 T:   0.2   ml =  1.49
 624  0Z   hdist:      91.3   amp:          24.6 T:   0.2   ml =  1.65
 625  0Z   hdist:     100.7   amp:           4.1 T:   0.1   ml =  0.94
 626  0Z   hdist:     120.6   amp:           6.8 T:   0.2   ml =  1.28
 629  0Z   hdist:     150.5   amp:           5.3 T:   0.2   ml =  1.34
 620  0Z   hdist:      26.0   amp:          98.8 T:   0.2   ml =  1.52
 628  0Z   hdist:      43.9   amp:           8.2 T:   0.2   ml =  0.73
 629  0Z   hdist:      56.9   amp:           3.3 T:   0.3   ml =  0.48
 625  0Z   hdist:       7.8   amp:          20.4 T:   0.2   ml =  0.22
 624  0Z   hdist:      29.1   amp:           9.2 T:   0.2   ml =  0.55
 623  0Z   hdist:      12.9   amp:          21.6 T:   0.2   ml =  0.50
 622  0Z   hdist:      32.6   amp:           4.3 T:   0.6   ml =  0.28
 621  0Z   hdist:      37.5   amp:           9.0 T:   0.3   ml =  0.68
 621  0Z   hdist:      53.4   amp:           2.7 T:   0.3   ml =  0.36
 622  0Z   hdist:      33.3   amp:           5.4 T:   0.1   ml =  0.39
 623  0Z   hdist:      25.1   amp:          25.9 T:   0.2   ml =  0.93
 624  0Z   hdist:      20.0   amp:          27.4 T:   0.1   ml =  0.83
 625  0Z   hdist:      33.9   amp:           2.9 T:   0.2   ml =  0.13
 626  0Z   hdist:      63.1   amp:           4.2 T:   0.3   ml =  0.65
 628  0Z   hdist:      39.1   amp:           8.3 T:   0.3   ml =  0.67
 625  0Z   hdist:      59.3   amp:          10.9 T:   0.2   ml =  1.03
 626  0Z   hdist:      60.2   amp:          35.8 T:   0.2   ml =  1.55
 627  0Z   hdist:      31.1   amp:          88.3 T:   0.3   ml =  1.57
 629  0Z   hdist:      21.2   amp:         360.6 T:   0.2   ml =  1.98
 630  0Z   hdist:      27.8   amp:         190.9 T:   0.2   ml =  1.85
 631  0Z   hdist:      70.6   amp:          21.7 T:   0.1   ml =  1.43
 632  0Z   hdist:      69.6   amp:          17.7 T:   0.1   ml =  1.33
 622  0N   hdist:      40.0   amp:          13.8 T:   0.2   ml =  0.90
 624  0N   hdist:      38.9   amp:          16.4 T:   0.1   ml =  0.96
 623  0E   hdist:      50.3   amp:           7.4 T:   0.2   ml =  0.76
 620  0N   hdist:      48.4   amp:          31.6 T:   0.2   ml =  1.37
 628  0N   hdist:      63.8   amp:          27.0 T:   0.2   ml =  1.47
 621  0E   hdist:      71.4   amp:           5.2 T:   0.2   ml =  0.82
 626  0E   hdist:      99.0   amp:           3.2 T:   0.2   ml =  0.82
 630  0E   hdist:     117.6   amp:           8.4 T:   0.1   ml =  1.35
 631  0E   hdist:     161.4   amp:           6.6 T:   0.2   ml =  1.49
 632  0E   hdist:     175.4   amp:           7.9 T:   0.3   ml =  1.63
 632  0N   hdist:      17.0   amp:          27.1 T:   0.1   ml =  0.74
 630  0E   hdist:      51.6   amp:           6.5 T:   0.1   ml =  0.72
 629  0E   hdist:      67.2   amp:           2.5 T:   0.1   ml =  0.46
 631  0N   hdist:      72.0   amp:           6.8 T:   0.1   ml =  0.94
 627  0E   hdist:      87.1   amp:           3.5 T:   0.2   ml =  0.77
 628  0E   hdist:     103.7   amp:           6.4 T:   0.2   ml =  1.15
 626  0E   hdist:     107.6   amp:           7.5 T:   0.2   ml =  1.24
 624  0N   hdist:     130.5   amp:           6.6 T:   0.2   ml =  1.32
 623  0E   hdist:     134.5   amp:           2.9 T:   0.2   ml =  0.99
 621  0E   hdist:     154.5   amp:           2.3 T:   0.1   ml =  0.99
 622  0N   hdist:     154.5   amp:           5.1 T:   0.2   ml =  1.34
 632  0N   hdist:      16.6   amp:          26.9 T:   0.0   ml =  0.73
 629  0E   hdist:      67.2   amp:           2.5 T:   0.1   ml =  0.46
 631  0N   hdist:      71.4   amp:           6.9 T:   0.2   ml =  0.94
 627  0E   hdist:      87.2   amp:           3.5 T:   0.2   ml =  0.77
 628  0E   hdist:     103.7   amp:           6.3 T:   0.2   ml =  1.14
 626  0E   hdist:     107.6   amp:           7.4 T:   0.2   ml =  1.24
 624  0N   hdist:     130.5   amp:           6.6 T:   0.2   ml =  1.32
 623  0E   hdist:     134.5   amp:           3.0 T:   0.2   ml =  1.00
 622  0N   hdist:     154.5   amp:           5.1 T:   0.2   ml =  1.34
 621  0E   hdist:     154.5   amp:           2.4 T:   0.1   ml =  1.01
 631  0N   hdist:      65.7   amp:          28.6 T:   0.2   ml =  1.51
 629  0N   hdist:      80.5   amp:           9.9 T:   0.2   ml =  1.17
 626  0N   hdist:     117.0   amp:          16.6 T:   0.2   ml =  1.65
 628  0N   hdist:     124.0   amp:          11.3 T:   0.2   ml =  1.52
 625  0N   hdist:     130.0   amp:          22.4 T:   0.2   ml =  1.85
 624  0N   hdist:     148.0   amp:          30.9 T:   0.2   ml =  2.09
 623  0N   hdist:     150.0   amp:          10.9 T:   0.2   ml =  1.65
 621  0E   hdist:     166.0   amp:          12.2 T:   0.1   ml =  1.77
 622  0N   hdist:     170.0   amp:          19.3 T:   0.2   ml =  1.99
 620  0E   hdist:     210.0   amp:           9.1 T:   0.3   ml =  1.84
 630  0E   hdist:      57.3   amp:           4.6 T:   0.3   ml =  0.63
 628  0N   hdist:      81.6   amp:           7.1 T:   0.2   ml =  1.04
 627  0E   hdist:      94.2   amp:           5.5 T:   0.2   ml =  1.02
 629  0N   hdist:      94.6   amp:           1.9 T:   0.3   ml =  0.56
 632  0E   hdist:      96.2   amp:           4.6 T:   0.3   ml =  0.96
 624  0N   hdist:     111.0   amp:          13.0 T:   0.2   ml =  1.50
 626  0N   hdist:     135.0   amp:           3.0 T:   0.4   ml =  1.01
 631  0E   hdist:     140.0   amp:           3.0 T:   0.2   ml =  1.03
 622  0E   hdist:     143.0   amp:           1.8 T:   0.2   ml =  0.83
 621  0N   hdist:     161.0   amp:           2.0 T:   0.2   ml =  0.96
 624  0N   hdist:      38.7   amp:           6.5 T:   0.1   ml =  0.56
 622  0E   hdist:      39.8   amp:          10.3 T:   0.4   ml =  0.77
 623  0E   hdist:      50.1   amp:           3.3 T:   0.2   ml =  0.41
 620  0E   hdist:      48.2   amp:          25.5 T:   0.2   ml =  1.28
 628  0N   hdist:      63.7   amp:          12.7 T:   0.2   ml =  1.14
 621  0E   hdist:      71.2   amp:           2.5 T:   0.2   ml =  0.50
 626  0N   hdist:      98.9   amp:           1.6 T:   0.2   ml =  0.52
 630  0E   hdist:     117.5   amp:           3.9 T:   0.2   ml =  1.02
 631  0E   hdist:     161.4   amp:           3.2 T:   0.2   ml =  1.17
 632  0E   hdist:     175.3   amp:           4.5 T:   0.3   ml =  1.39
 624  0E   hdist:     264.0   amp:           2.0 T:   0.2   ml =  1.40
 628  0E   hdist:     265.0   amp:           1.6 T:   0.2   ml =  1.30
 622  0N   hdist:     278.0   amp:           1.7 T:   0.3   ml =  1.38
 623  0N   hdist:     285.0   amp:           2.1 T:   0.1   ml =  1.50
 627  0N   hdist:     297.0   amp:           1.0 T:   0.1   ml =  1.22
 621  0N   hdist:     310.0   amp:           2.6 T:   0.2   ml =  1.68
 629  0N   hdist:     316.0   amp:           1.5 T:   0.2   ml =  1.46
 626  0N   hdist:     329.0   amp:           5.5 T:   0.3   ml =  2.07
 631  0E   hdist:     375.0   amp:           7.3 T:   0.1   ml =  2.34
 620  0E   hdist:      21.9   amp:         171.2 T:   0.2   ml =  1.67
 622  0E   hdist:      25.5   amp:          74.9 T:   0.4   ml =  1.39
 623  0N   hdist:      44.2   amp:          75.1 T:   0.2   ml =  1.70
 624  0N   hdist:      48.1   amp:          27.4 T:   0.1   ml =  1.31
 625  0N   hdist:      64.6   amp:           8.5 T:   0.3   ml =  0.97
 628  0E   hdist:      78.3   amp:          21.9 T:   0.2   ml =  1.50
 627  0N   hdist:      89.7   amp:           8.1 T:   0.2   ml =  1.16
 626  0E   hdist:      91.1   amp:           8.5 T:   0.2   ml =  1.19
 629  0E   hdist:     112.3   amp:           6.7 T:   0.2   ml =  1.22
 630  0E   hdist:     130.2   amp:          18.6 T:   0.2   ml =  1.77
 631  0N   hdist:     159.2   amp:          14.2 T:   0.1   ml =  1.81
 632  0E   hdist:     184.2   amp:          10.4 T:   0.3   ml =  1.79
 620  0E   hdist:      21.4   amp:         170.6 T:   0.2   ml =  1.66
 622  0E   hdist:      24.5   amp:          75.7 T:   0.2   ml =  1.38
 623  0N   hdist:      43.5   amp:          73.9 T:   0.3   ml =  1.68
 624  0N   hdist:      48.2   amp:          33.6 T:   0.2   ml =  1.40
 621  0E   hdist:      49.0   amp:          20.3 T:   0.2   ml =  1.19
 625  0N   hdist:      63.9   amp:           8.4 T:   0.3   ml =  0.96
 628  0E   hdist:      78.5   amp:          21.7 T:   0.2   ml =  1.50
 627  0N   hdist:      89.3   amp:           8.1 T:   0.2   ml =  1.15
 626  0E   hdist:      89.9   amp:           8.5 T:   0.2   ml =  1.18
 629  0E   hdist:     112.3   amp:           6.7 T:   0.2   ml =  1.22
 630  0E   hdist:     130.2   amp:          18.5 T:   0.2   ml =  1.77
 631  0N   hdist:     158.2   amp:          14.2 T:   0.1   ml =  1.80
 632  0E   hdist:     184.2   amp:           8.6 T:   0.2   ml =  1.71
 628  0N   hdist:     123.0   amp:           3.3 T:   0.3   ml =  0.98
 624  0N   hdist:     130.0   amp:           2.5 T:   0.1   ml =  0.90
 630  0E   hdist:     151.0   amp:           1.5 T:   0.3   ml =  0.79
 629  0E   hdist:     172.0   amp:           1.3 T:   0.3   ml =  0.83
 621  0E   hdist:     184.0   amp:           2.1 T:   0.1   ml =  1.09
 626  0N   hdist:     191.0   amp:           2.1 T:   0.1   ml =  1.13
 631  0N   hdist:     230.0   amp:          11.1 T:   0.2   ml =  2.01
 630  0E   hdist:       8.4   amp:         509.0 T:   0.1   ml =  1.66
 629  0E   hdist:      41.3   amp:           5.0 T:   0.1   ml =  0.48
 627  0N   hdist:      52.6   amp:          13.5 T:   0.4   ml =  1.05
 632  0E   hdist:      53.5   amp:           6.8 T:   0.2   ml =  0.76
 628  0E   hdist:      62.4   amp:           9.5 T:   0.3   ml =  1.00
 624  0E   hdist:      90.8   amp:           6.3 T:   0.2   ml =  1.05
 623  0E   hdist:      99.1   amp:           2.2 T:   0.1   ml =  0.66
 621  0E   hdist:     124.0   amp:           2.7 T:   0.2   ml =  0.90
 620  0N   hdist:     157.0   amp:           7.7 T:   0.3   ml =  1.53
 630  0E   hdist:       8.6   amp:         516.4 T:   0.1   ml =  1.67
 629  0E   hdist:      42.3   amp:           5.0 T:   0.1   ml =  0.49
 627  0N   hdist:      53.3   amp:          18.1 T:   0.4   ml =  1.19
 632  0E   hdist:      53.7   amp:           6.8 T:   0.2   ml =  0.76
 628  0E   hdist:      62.6   amp:           9.4 T:   0.3   ml =  1.00
 624  0E   hdist:      91.2   amp:           6.3 T:   0.2   ml =  1.06
 623  0E   hdist:      99.7   amp:           2.2 T:   0.1   ml =  0.66
 622  0E   hdist:     118.0   amp:           3.4 T:   0.1   ml =  0.96
 621  0E   hdist:     125.0   amp:           2.6 T:   0.2   ml =  0.89
 620  0N   hdist:     157.0   amp:           7.7 T:   0.3   ml =  1.53
 632  0E   hdist:      77.4   amp:          71.8 T:   0.2   ml =  2.01
 631  0E   hdist:      94.1   amp:         141.4 T:   0.2   ml =  2.43
 629  0N   hdist:     137.0   amp:          16.7 T:   0.3   ml =  1.76
 630  0E   hdist:     137.0   amp:          55.4 T:   0.2   ml =  2.28
 627  0N   hdist:     160.0   amp:          23.6 T:   0.2   ml =  2.03
 626  0E   hdist:     162.0   amp:          29.1 T:   0.3   ml =  2.13
 625  0N   hdist:     183.0   amp:          20.0 T:   0.2   ml =  2.07
 628  0E   hdist:     185.0   amp:          37.9 T:   0.3   ml =  2.35
 623  0E   hdist:     204.0   amp:          16.5 T:   0.3   ml =  2.08
 624  0N   hdist:     207.0   amp:          43.7 T:   0.2   ml =  2.51
 621  0E   hdist:     213.0   amp:          26.4 T:   0.4   ml =  2.32
 622  0N   hdist:     223.0   amp:          77.5 T:   0.3   ml =  2.83
 620  0E   hdist:     263.0   amp:          14.1 T:   0.2   ml =  2.24
 620  0E   hdist:      95.3   amp:           6.3 T:   0.2   ml =  1.09
 624  0N   hdist:     112.0   amp:           4.8 T:   0.2   ml =  1.08
 622  0N   hdist:     113.0   amp:           4.2 T:   0.2   ml =  1.03
 623  0N   hdist:     126.0   amp:           3.0 T:   0.4   ml =  0.96
 628  0E   hdist:     130.0   amp:           2.5 T:   0.2   ml =  0.90
 621  0N   hdist:     142.0   amp:           3.0 T:   0.2   ml =  1.04
 625  0E   hdist:     144.0   amp:           1.8 T:   0.5   ml =  0.83
 627  0E   hdist:     158.0   amp:           2.0 T:   0.4   ml =  0.95
 626  0E   hdist:     176.0   amp:           3.3 T:   0.2   ml =  1.25
 631  0E   hdist:     237.0   amp:           2.2 T:   0.3   ml =  1.34
 628  0N   hdist:      24.3   amp:          23.3 T:   0.1   ml =  0.86
 627  0N   hdist:      29.2   amp:           7.8 T:   0.2   ml =  0.48
 629  0N   hdist:      42.8   amp:           2.1 T:   0.4   ml =  0.12
 630  0E   hdist:      42.5   amp:           2.7 T:   0.2   ml =  0.23
 626  0N   hdist:      66.6   amp:           1.9 T:   0.2   ml =  0.34
 622  0E   hdist:      75.6   amp:           1.3 T:   0.1   ml =  0.25
 631  0E   hdist:      99.7   amp:           3.2 T:   0.2   ml =  0.82
 628  0N   hdist:     240.0   amp:           6.9 T:   0.3   ml =  1.84
 630  0N   hdist:     243.9   amp:           3.0 T:   0.1   ml =  1.50
 624  0E   hdist:     254.8   amp:           7.7 T:   0.2   ml =  1.95
 627  0N   hdist:     266.6   amp:           6.7 T:   0.4   ml =  1.93
 623  0E   hdist:     278.4   amp:           3.7 T:   0.2   ml =  1.72
 622  0N   hdist:     281.4   amp:          12.3 T:   0.3   ml =  2.25
 625  0E   hdist:     281.4   amp:           7.7 T:   0.4   ml =  2.05
 626  0E   hdist:     307.1   amp:           6.2 T:   0.2   ml =  2.04
 621  0E   hdist:     311.1   amp:           7.3 T:   0.2   ml =  2.13
 631  0N   hdist:     327.9   amp:          34.6 T:   0.4   ml =  2.86
 620  0N   hdist:     294.2   amp:           3.1 T:   0.1   ml =  1.70
 629  0N   hdist:      18.3   amp:         179.5 T:   0.1   ml =  1.60
 627  0E   hdist:      24.9   amp:         231.5 T:   0.2   ml =  1.87
 626  0N   hdist:      40.8   amp:          63.4 T:   0.1   ml =  1.58
 625  0N   hdist:      45.1   amp:          56.1 T:   0.2   ml =  1.58
 630  0E   hdist:      47.4   amp:          36.3 T:   0.1   ml =  1.42
 628  0E   hdist:      52.5   amp:          59.4 T:   0.2   ml =  1.69
 623  0E   hdist:      63.9   amp:          12.3 T:   0.2   ml =  1.13
 631  0E   hdist:      64.1   amp:         108.1 T:   0.2   ml =  2.07
 624  0E   hdist:      66.7   amp:          21.0 T:   0.3   ml =  1.38
 621  0N   hdist:      81.8   amp:          11.6 T:   0.2   ml =  1.25
 622  0E   hdist:      83.3   amp:          20.7 T:   0.2   ml =  1.52
 632  0E   hdist:      82.6   amp:          12.0 T:   0.1   ml =  1.27
 620  0E   hdist:     123.1   amp:          17.2 T:   0.2   ml =  1.70
 620  0E   hdist:      41.7   amp:          31.0 T:   0.2   ml =  1.28
 622  0N   hdist:      71.7   amp:           6.5 T:   0.3   ml =  0.92
 624  0E   hdist:      87.6   amp:           6.0 T:   0.2   ml =  1.01
 623  0N   hdist:      90.0   amp:           9.0 T:   0.1   ml =  1.20
 621  0N   hdist:      94.4   amp:           7.4 T:   0.1   ml =  1.15
 625  0N   hdist:     110.9   amp:           1.3 T:   0.1   ml =  0.50
 628  0N   hdist:     114.8   amp:           3.2 T:   0.2   ml =  0.92
 627  0N   hdist:     132.7   amp:           2.0 T:   0.3   ml =  0.82
 626  0E   hdist:     137.7   amp:          11.4 T:   0.2   ml =  1.60
 629  0E   hdist:     156.6   amp:           1.9 T:   0.2   ml =  0.92
 630  0E   hdist:     168.6   amp:           1.9 T:   0.1   ml =  0.98
 632  0N   hdist:     326.0   amp:           4.9 T:   0.1   ml =  2.01
 629  0E   hdist:     385.8   amp:           2.1 T:   0.4   ml =  1.83
 626  0E   hdist:     405.4   amp:           3.8 T:   0.3   ml =  2.15
 627  0E   hdist:     409.4   amp:           4.8 T:   0.4   ml =  2.26
 625  0N   hdist:     430.1   amp:           5.6 T:   0.4   ml =  2.39
 628  0E   hdist:     435.0   amp:           3.8 T:   0.3   ml =  2.24
 623  0E   hdist:     450.8   amp:           3.2 T:   0.4   ml =  2.21
 624  0E   hdist:     455.7   amp:           6.5 T:   0.3   ml =  2.54
 622  0N   hdist:     469.5   amp:           3.6 T:   0.3   ml =  2.32
 620  0E   hdist:      38.4   amp:          20.2 T:   0.2   ml =  1.05
 622  0N   hdist:      56.2   amp:          23.1 T:   0.3   ml =  1.32
 624  0N   hdist:      66.5   amp:          18.5 T:   0.2   ml =  1.33
 623  0E   hdist:      72.7   amp:          16.1 T:   0.2   ml =  1.32
 621  0E   hdist:      84.2   amp:          15.1 T:   0.2   ml =  1.39
 625  0N   hdist:      92.8   amp:           4.3 T:   0.4   ml =  0.90
 628  0N   hdist:      93.1   amp:          16.4 T:   0.3   ml =  1.49
 627  0E   hdist:     113.0   amp:           4.4 T:   0.2   ml =  1.05
 626  0E   hdist:     122.0   amp:          21.4 T:   0.2   ml =  1.79
 629  0E   hdist:     137.0   amp:           3.3 T:   0.5   ml =  1.06
 630  0E   hdist:     147.0   amp:          10.8 T:   0.2   ml =  1.63
 631  0E   hdist:     188.0   amp:           8.3 T:   0.2   ml =  1.71
 632  0E   hdist:     206.0   amp:           4.0 T:   0.4   ml =  1.47
 631  0N   hdist:     286.4   amp:           8.4 T:   0.3   ml =  2.10
 626  0N   hdist:     307.4   amp:           6.0 T:   0.2   ml =  2.03
 621  0E   hdist:     322.4   amp:           5.7 T:   0.2   ml =  2.06
 625  0E   hdist:     336.4   amp:           6.4 T:   0.2   ml =  2.16
 627  0E   hdist:     345.4   amp:           7.6 T:   0.3   ml =  2.26
 632  0N   hdist:     346.4   amp:           6.6 T:   0.3   ml =  2.20
 623  0E   hdist:     347.4   amp:           5.2 T:   0.2   ml =  2.10
 622  0E   hdist:     354.3   amp:           8.7 T:   0.3   ml =  2.35
 630  0N   hdist:     368.3   amp:           3.4 T:   0.3   ml =  1.99
 620  0N   hdist:     368.3   amp:           5.9 T:   0.2   ml =  2.23
 624  0N   hdist:     369.3   amp:           5.6 T:   0.2   ml =  2.21
 620  0E   hdist:      23.1   amp:          46.0 T:   0.1   ml =  1.13
 622  0E   hdist:      50.0   amp:          11.0 T:   0.2   ml =  0.93
 623  0N   hdist:      68.5   amp:          15.2 T:   0.2   ml =  1.26
 621  0N   hdist:      70.4   amp:           5.1 T:   0.2   ml =  0.80
 624  0E   hdist:      70.6   amp:          15.7 T:   0.1   ml =  1.29
 625  0E   hdist:      88.7   amp:           5.3 T:   0.2   ml =  0.96
 628  0N   hdist:      99.8   amp:           9.3 T:   0.3   ml =  1.29
 626  0E   hdist:     114.3   amp:          15.3 T:   0.3   ml =  1.60
 627  0E   hdist:     113.3   amp:           8.7 T:   0.2   ml =  1.34
 629  0E   hdist:     136.1   amp:          10.5 T:   0.3   ml =  1.56
 630  0E   hdist:     152.0   amp:          10.5 T:   0.1   ml =  1.64
 631  0E   hdist:     181.8   amp:           5.5 T:   0.2   ml =  1.50
 630  0E   hdist:      75.8   amp:           4.2 T:   0.1   ml =  0.76
 628  0N   hdist:      78.1   amp:           8.4 T:   0.1   ml =  1.08
 627  0N   hdist:      99.9   amp:           3.6 T:   0.2   ml =  0.87
 624  0E   hdist:     103.1   amp:          11.1 T:   0.2   ml =  1.38
 629  0N   hdist:     107.0   amp:           1.6 T:   0.1   ml =  0.57
 625  0N   hdist:     120.9   amp:           2.7 T:   0.3   ml =  0.88
 623  0N   hdist:     123.9   amp:           1.9 T:   0.3   ml =  0.75
 622  0N   hdist:     134.8   amp:           2.0 T:   0.2   ml =  0.83
 626  0N   hdist:     140.8   amp:           3.2 T:   0.2   ml =  1.07
 621  0N   hdist:     157.7   amp:           3.5 T:   0.2   ml =  1.19
 631  0E   hdist:     159.7   amp:           4.9 T:   0.3   ml =  1.35
 630  0E   hdist:      33.1   amp:          12.3 T:   0.1   ml =  0.75
 632  0E   hdist:      52.2   amp:           5.8 T:   0.2   ml =  0.68
 629  0N   hdist:      69.0   amp:           2.7 T:   0.3   ml =  0.51
 627  0N   hdist:      79.5   amp:           2.9 T:   0.3   ml =  0.63
 628  0N   hdist:      83.2   amp:           2.2 T:   0.1   ml =  0.54
 631  0N   hdist:     101.0   amp:           2.0 T:   0.1   ml =  0.63
 626  0N   hdist:     113.0   amp:           2.6 T:   0.2   ml =  0.82
 624  0E   hdist:     113.0   amp:           2.4 T:   0.2   ml =  0.78
 622  0E   hdist:     142.0   amp:           2.8 T:   0.2   ml =  1.01
 621  0E   hdist:     151.0   amp:           2.6 T:   0.2   ml =  1.03
 620  0E   hdist:     181.0   amp:           2.1 T:   0.2   ml =  1.08
 628  0N   hdist:     313.0   amp:           2.7 T:   0.2   ml =  1.70
 624  0E   hdist:     323.0   amp:           4.0 T:   0.2   ml =  1.91
 630  0E   hdist:     326.0   amp:           1.8 T:   0.2   ml =  1.57
 627  0E   hdist:     343.0   amp:           2.9 T:   0.2   ml =  1.83
 622  0N   hdist:     345.0   amp:           1.7 T:   0.4   ml =  1.61
 621  0E   hdist:     377.0   amp:           3.1 T:   0.3   ml =  1.97
 626  0E   hdist:     382.0   amp:           5.2 T:   0.2   ml =  2.21
 631  0E   hdist:     411.0   amp:           7.6 T:   0.2   ml =  2.47
 620  0N   hdist:      28.5   amp:           7.5 T:   0.3   ml =  0.45
 622  0N   hdist:      59.6   amp:           2.6 T:   0.1   ml =  0.41
 623  0N   hdist:      78.4   amp:           2.3 T:   0.2   ml =  0.52
 624  0N   hdist:      78.3   amp:           2.5 T:   0.1   ml =  0.56
 621  0E   hdist:      81.4   amp:           1.9 T:   0.2   ml =  0.46
 628  0E   hdist:     107.5   amp:           2.2 T:   0.2   ml =  0.71
 626  0E   hdist:     125.4   amp:           1.2 T:   0.2   ml =  0.56
 630  0E   hdist:     160.3   amp:           3.0 T:   0.3   ml =  1.14
 620  0E   hdist:      25.3   amp:          79.3 T:   0.1   ml =  1.42
 622  0N   hdist:      30.6   amp:          48.0 T:   0.2   ml =  1.30
 623  0E   hdist:      47.8   amp:          82.7 T:   0.2   ml =  1.78
 621  0E   hdist:      51.0   amp:          16.1 T:   0.1   ml =  1.11
 624  0E   hdist:      53.4   amp:          49.5 T:   0.2   ml =  1.62
 625  0N   hdist:      67.2   amp:           7.8 T:   0.3   ml =  0.96
 628  0N   hdist:      82.7   amp:          12.5 T:   0.2   ml =  1.29
 626  0E   hdist:      92.0   amp:          13.9 T:   0.2   ml =  1.41
 627  0E   hdist:      92.6   amp:           4.7 T:   0.2   ml =  0.94
 629  0E   hdist:     114.5   amp:           4.7 T:   0.2   ml =  1.08
 630  0E   hdist:     133.3   amp:           6.7 T:   0.1   ml =  1.35
 631  0E   hdist:     159.1   amp:          13.4 T:   0.2   ml =  1.78
 630  0E   hdist:      15.4   amp:         168.7 T:   0.2   ml =  1.48
 629  0E   hdist:      28.7   amp:          78.2 T:   0.3   ml =  1.48
 627  0N   hdist:      44.0   amp:          27.8 T:   0.4   ml =  1.26
 628  0N   hdist:      60.6   amp:           8.2 T:   0.1   ml =  0.92
 631  0N   hdist:      69.0   amp:           8.9 T:   0.2   ml =  1.03
 626  0N   hdist:      73.2   amp:           7.0 T:   0.1   ml =  0.96
 625  0E   hdist:      74.2   amp:           5.6 T:   0.3   ml =  0.87
 624  0N   hdist:      86.5   amp:          10.3 T:   0.2   ml =  1.24
 623  0N   hdist:      91.6   amp:           3.8 T:   0.1   ml =  0.84
 622  0N   hdist:     111.0   amp:           6.5 T:   0.1   ml =  1.20
 621  0E   hdist:     115.0   amp:           6.1 T:   0.3   ml =  1.20
 620  0N   hdist:     151.0   amp:           7.6 T:   0.2   ml =  1.49
 630  0E   hdist:      15.3   amp:         115.0 T:   0.2   ml =  1.31
 629  0N   hdist:      28.7   amp:          49.0 T:   0.2   ml =  1.27
 627  0N   hdist:      44.1   amp:          14.0 T:   0.3   ml =  0.96
 628  0E   hdist:      60.6   amp:          14.0 T:   0.2   ml =  1.15
 631  0N   hdist:      69.0   amp:           6.1 T:   0.3   ml =  0.87
 626  0N   hdist:      73.3   amp:           3.9 T:   0.1   ml =  0.71
 625  0N   hdist:      74.3   amp:           4.1 T:   0.4   ml =  0.74
 624  0E   hdist:      86.6   amp:          11.9 T:   0.2   ml =  1.30
 623  0N   hdist:      91.7   amp:           3.6 T:   0.4   ml =  0.82
 622  0N   hdist:     111.0   amp:           4.1 T:   0.2   ml =  1.00
 621  0N   hdist:     115.0   amp:           3.1 T:   0.2   ml =  0.91
 620  0E   hdist:     151.0   amp:           5.1 T:   0.2   ml =  1.32
 630  0E   hdist:      16.4   amp:         115.4 T:   0.2   ml =  1.35
 629  0N   hdist:      29.1   amp:          49.6 T:   0.2   ml =  1.29
 627  0N   hdist:      45.1   amp:          14.3 T:   0.3   ml =  0.99
 628  0E   hdist:      62.0   amp:          14.0 T:   0.2   ml =  1.16
 631  0N   hdist:      68.0   amp:           6.1 T:   0.3   ml =  0.86
 626  0N   hdist:      73.6   amp:           3.9 T:   0.1   ml =  0.71
 625  0N   hdist:      75.2   amp:           4.2 T:   0.4   ml =  0.76
 624  0E   hdist:      87.8   amp:          12.0 T:   0.2   ml =  1.31
 623  0N   hdist:      92.7   amp:           2.9 T:   0.2   ml =  0.73
 622  0N   hdist:     112.0   amp:           4.0 T:   0.2   ml =  1.00
 621  0N   hdist:     116.0   amp:           3.0 T:   0.2   ml =  0.90
 620  0E   hdist:     152.0   amp:           5.0 T:   0.2   ml =  1.32
 630  0E   hdist:      15.2   amp:         220.3 T:   0.2   ml =  1.59
 629  0E   hdist:      28.5   amp:          95.0 T:   0.2   ml =  1.56
 627  0E   hdist:      43.7   amp:          30.9 T:   0.5   ml =  1.30
 628  0N   hdist:      60.3   amp:          11.6 T:   0.1   ml =  1.06
 631  0N   hdist:      69.1   amp:          10.0 T:   0.3   ml =  1.08
 625  0N   hdist:      73.9   amp:           6.8 T:   0.4   ml =  0.96
 624  0N   hdist:      86.2   amp:          18.4 T:   0.2   ml =  1.49
 623  0N   hdist:      91.3   amp:           5.5 T:   0.3   ml =  1.00
 621  0E   hdist:     114.0   amp:           5.5 T:   0.2   ml =  1.15
 630  0E   hdist:     111.0   amp:           3.7 T:   0.2   ml =  0.96
 629  0N   hdist:     137.0   amp:           3.8 T:   0.4   ml =  1.12
 631  0N   hdist:     136.0   amp:          10.1 T:   0.2   ml =  1.54
 627  0N   hdist:     154.0   amp:           4.0 T:   0.3   ml =  1.23
 628  0N   hdist:     164.0   amp:           4.1 T:   0.2   ml =  1.29
 625  0N   hdist:     185.0   amp:           2.1 T:   0.3   ml =  1.10
 624  0N   hdist:     193.0   amp:           4.0 T:   0.3   ml =  1.41
 621  0N   hdist:     225.0   amp:           1.7 T:   0.2   ml =  1.18
 625  0E   hdist:      22.2   amp:         213.3 T:   0.5   ml =  1.78
 624  0N   hdist:      27.8   amp:         190.5 T:   0.1   ml =  1.85
 627  0N   hdist:      32.7   amp:          27.0 T:   0.1   ml =  1.08
 628  0N   hdist:      34.4   amp:          51.7 T:   0.1   ml =  1.39
 629  0E   hdist:      53.8   amp:          14.2 T:   0.3   ml =  1.09
 621  0N   hdist:      53.7   amp:          20.1 T:   0.2   ml =  1.24
 630  0N   hdist:      73.1   amp:           4.4 T:   0.2   ml =  0.76
 631  0E   hdist:     104.4   amp:          16.2 T:   0.3   ml =  1.56
 630  0E   hdist:      17.5   amp:          75.2 T:   0.2   ml =  1.20
 629  0N   hdist:      23.9   amp:          59.7 T:   0.3   ml =  1.26
 627  0N   hdist:      30.6   amp:          15.6 T:   0.1   ml =  0.81
 628  0N   hdist:      45.0   amp:          13.3 T:   0.1   ml =  0.95
 625  0E   hdist:      61.0   amp:           5.0 T:   0.4   ml =  0.71
 624  0E   hdist:      70.8   amp:           7.8 T:   0.2   ml =  0.99
 631  0N   hdist:      76.8   amp:           4.4 T:   0.2   ml =  0.79
 621  0E   hdist:     102.1   amp:           3.4 T:   0.1   ml =  0.86
 630  0E   hdist:      17.2   amp:          73.7 T:   0.2   ml =  1.18
 629  0N   hdist:      23.7   amp:          46.4 T:   0.2   ml =  1.15
 627  0N   hdist:      30.2   amp:          15.3 T:   0.1   ml =  0.79
 628  0N   hdist:      44.6   amp:          13.4 T:   0.1   ml =  0.95
 625  0E   hdist:      60.8   amp:           5.0 T:   0.4   ml =  0.70
 624  0N   hdist:      70.6   amp:          11.0 T:   0.2   ml =  1.14
 631  0N   hdist:      76.8   amp:           4.4 T:   0.2   ml =  0.79
 621  0E   hdist:     102.1   amp:           3.4 T:   0.1   ml =  0.86
 630  0E   hdist:      48.2   amp:           5.5 T:   0.1   ml =  0.61
 629  0E   hdist:      68.9   amp:           4.8 T:   0.4   ml =  0.76
 631  0N   hdist:      78.5   amp:           5.9 T:   0.2   ml =  0.93
 627  0N   hdist:      87.6   amp:           3.3 T:   0.4   ml =  0.75
 628  0N   hdist:     102.0   amp:           3.2 T:   0.1   ml =  0.84
 625  0N   hdist:     117.0   amp:           1.7 T:   0.3   ml =  0.66
 621  0E   hdist:     157.0   amp:           1.7 T:   0.1   ml =  0.87
 630  0E   hdist:     109.1   amp:           4.9 T:   0.2   ml =  1.07
 628  0N   hdist:     117.1   amp:           5.9 T:   0.2   ml =  1.20
 627  0E   hdist:     139.1   amp:           3.8 T:   0.2   ml =  1.13
 624  0E   hdist:     141.1   amp:           6.2 T:   0.3   ml =  1.35
 629  0N   hdist:     144.1   amp:           2.9 T:   0.2   ml =  1.04
 625  0E   hdist:     160.1   amp:           3.3 T:   0.3   ml =  1.18
 631  0N   hdist:     193.1   amp:           6.4 T:   0.3   ml =  1.62
 621  0N   hdist:     197.1   amp:           7.7 T:   0.2   ml =  1.72
 630  0E   hdist:     112.0   amp:           4.8 T:   0.2   ml =  1.08
 628  0N   hdist:     120.0   amp:           5.9 T:   0.2   ml =  1.22
 627  0E   hdist:     141.0   amp:           3.9 T:   0.2   ml =  1.15
 624  0E   hdist:     143.0   amp:           6.0 T:   0.3   ml =  1.35
 629  0N   hdist:     147.0   amp:           2.9 T:   0.2   ml =  1.06
 625  0E   hdist:     163.0   amp:           3.4 T:   0.3   ml =  1.21
 631  0N   hdist:     195.0   amp:           6.4 T:   0.3   ml =  1.63
 621  0N   hdist:     199.0   amp:           7.8 T:   0.2   ml =  1.73
