 Date    Origin    Lat      Long      Depth    Mag No Gap Dmin  Rms  Erh  Erz  Erx      Cvxy      Cvxz      Cvyz     Oterr
160819 0959 26.87 71 55.67 129 59.66    0.0    0.0 22 280 51.0 0.25 19.1  7.0 19.0 0.224E+02 0.116E+03 0.709E+01 0.465E+00
160820 1506 15.14 71 56.98 130  1.69    0.0    1.6 18 283 53.6 0.36 29.8 10.5 29.6 0.763E+02 0.270E+03 0.232E+02 0.607E+00
160822 1318 49.84 72 22.58 127  6.74   16.4    1.4 16 105  2.9 0.19  4.3  2.5  4.0 0.249E+01 0.355E+01 0.162E+01 0.472E+00
160824 1510 29.97 71 34.16 130 14.46    0.0    1.7 18 309 41.2 0.47 23.2  8.5 22.5-0.596E+02 0.138E+03-0.237E+02 0.647E+00
160824 1510 30.12 71 33.79 130 13.09    0.0    1.7 18 309 40.5 0.51 24.6  9.0 23.9-0.674E+02 0.155E+03-0.271E+02 0.691E+00
161005 1619 46.81 72 55.96 124 58.44   13.0    0.4 18 274 37.4 0.19  6.1  3.4  5.5 0.151E+01-0.924E+01-0.333E+01 0.415E+00
161009 0036 44.68 72 55.75 124 59.14    0.0    1.4 16 274 37.3 0.39 11.4  9.4  8.7-0.254E+02-0.317E+02 0.557E+02 0.670E+00
161124 2250 45.40 72 49.59 124 45.49    8.5    2.4  8 307 23.6 0.16  9.3  6.3  8.7-0.104E+02-0.590E+01-0.243E+00 0.360E+00
170302 1359 59.68 72 42.33 124 52.90    5.9    0.5 14 221 18.7 0.29  6.3  5.6  5.4 0.377E+01-0.121E+02 0.162E+01 0.612E+00
170302 2335 19.45 71 53.36 130 34.29    1.6    1.6 18 309 80.3 0.30 12.4  4.5 11.8 0.646E+01-0.120E+02-0.223E+01 0.468E+00
170304 2135  3.57 72 42.53 124 56.62    6.7    0.9 14 221 20.8 0.41  9.6  7.0  8.3 0.217E+02-0.260E+02-0.631E+01 0.772E+00
170307 0447 21.61 72 43.70 124 56.29    4.0    1.4 20 228 21.3 0.54  9.8  7.6  8.2 0.170E+02-0.173E+02-0.553E+01 0.963E+00
170313 0553 59.80 72 43.22 124 55.22    7.9    1.4 18 226 20.4 0.39  8.1  6.2  7.0 0.766E+01-0.202E+02-0.333E+01 0.794E+00
170313 0809  6.03 72 27.07 125  3.78   16.1    1.3 14 132 27.4 0.29  6.1  6.9  5.8 0.334E+01-0.942E+01-0.112E+01 0.679E+00
170315 0234 46.19 72 41.04 123 39.47   11.7    1.2 14 321 23.2 0.24 14.5  4.2 13.7 0.260E+02 0.265E+02 0.103E+02 0.500E+00
170317 1007 14.68 72 13.87 125 58.65    0.0    0.9 14 117  7.8 0.44  7.3  7.2  7.0 0.568E+01-0.215E+01-0.144E+01 0.106E+01
170320 1900 34.53 72 25.65 126  7.78   18.6    0.5 14 128  7.3 0.11  2.9  1.9  2.7-0.534E+00 0.822E-02 0.874E+00 0.335E+00
170326 0836 34.69 72  0.13 127 41.03   14.8    0.9 14 131 15.2 0.25  4.4  4.0  4.0 0.110E+01 0.110E+00 0.170E+01 0.604E+00
170402 0422  1.57 72 45.83 125 42.95   11.7    1.8 20 234 38.4 0.41  7.7  5.0  6.8 0.698E+01-0.967E+01-0.418E+01 0.760E+00
170405 0307 36.70 71 41.05 129  2.57   11.8    1.8 22 205 12.3 0.45 12.9  4.7 12.7 0.916E+01 0.240E+02-0.460E+01 0.840E+00
170405 0307 36.77 71 40.71 129  2.00   11.8    2.0 20 211 11.7 0.51 15.1  5.5 14.7 0.203E+02 0.268E+02-0.911E+01 0.929E+00
170405 1410 52.76 71 28.16 129  4.91    0.0    2.5 20 296 65.7 0.61 47.5 19.5 46.9-0.265E+03 0.821E+03-0.115E+03 0.923E+00
170406 0838 42.93 72 25.36 129 33.87    0.3    2.1 20 276 57.3 0.27 21.6  9.8 21.1 0.844E+02 0.187E+03 0.381E+02 0.509E+00
170406 1728  1.59 72 45.84 125 42.92   10.8    1.9 20 234 37.2 0.36  6.7  4.5  6.0 0.526E+01-0.754E+01-0.315E+01 0.669E+00
170407 1729  3.49 74 43.82 128 48.92    0.9    2.8 18 343264.0 0.51999.9867.6767.7 0.498E+06 0.660E+06 0.569E+06 0.224E+01
170408 1004 45.69 72 37.84 124 57.29    8.0    2.6 24 191 20.4 0.52 10.4  5.7  9.4 0.267E+02-0.184E+02-0.285E+01 0.971E+00
170408 1004 45.75 72 37.05 124 56.05    7.6    2.8 26 185 20.0 0.50  8.6  5.6  7.9 0.131E+02-0.141E+02-0.990E+00 0.957E+00
170409 0902 44.78 73 25.32 128 34.11    0.0    2.1 14 320123.2 0.56 29.6  8.4 28.8 0.338E+02 0.109E+03 0.318E+02 0.574E+00
170410 1520  9.06 72  0.94 128 28.50    0.0    1.8 18 195  8.4 1.05 27.1 15.6 26.3 0.104E+03 0.160E+03 0.161E+02 0.204E+01
170410 1520  9.11 72  1.23 128 30.02    0.4    1.7 20 203  8.6 1.10 30.3 16.1 29.4 0.144E+03 0.207E+03 0.262E+02 0.211E+01
170410 1813  3.42 70 53.09 129 18.77    0.0    2.9 26 315 77.4 1.11 27.1 10.7 25.5-0.769E+02 0.128E+03-0.578E+02 0.996E+00
170413 0651 19.36 73 27.01 125 24.53    2.4    1.8 20 311 95.3 0.69 20.7  8.1 19.8 0.505E+01-0.111E+02-0.904E+01 0.774E+00
170414 0459 19.42 72 16.59 127 24.69   17.9    0.5 14 158 16.4 0.25  5.8  3.0  5.6 0.285E+01 0.102E+01 0.202E+01 0.580E+00
170414 0540  3.63 73 52.68 132 21.40   43.6    2.5 16 329235.8 0.57117.7999.9109.0 0.307E+04-0.482E+06-0.219E+06 0.255E+00
170416 0523 42.72 71 57.18 127  5.70   16.4    2.5 26  84  8.0 0.35  5.2  3.1  4.9 0.282E+01 0.417E+01 0.100E+00 0.777E+00
170416 1220 13.84 73  0.42 124 22.25   13.8    1.9 22 304 39.4 0.27  9.7  3.0  9.2 0.959E+00-0.943E+01-0.342E+01 0.484E+00
170416 1257 48.28 68 52.11 131 44.30   71.9    2.0 18 347318.1 0.65171.4244.4166.9 0.583E+04 0.246E+05 0.740E+04 0.247E+01
170416 1821  5.33 72 56.27 125  0.44    1.7    2.4 26 274 38.5 0.33  7.0  5.7  6.3-0.683E+00-0.333E+01-0.306E+01 0.580E+00
170418 1005 56.48 69 24.89 122 24.48   15.6    2.7 22 327285.9 0.39279.9229.0227.3 0.363E+05-0.512E+05-0.373E+05 0.189E+01
170418 1500 13.27 72 47.06 124 29.84   17.2    2.0 24 276 15.4 0.38 11.7  2.8 10.9 0.865E+01-0.181E+02-0.364E+01 0.718E+00
170420 1302 35.56 72 40.97 129 13.97   14.7    1.7 22 304 74.4 0.27  9.6  2.5  9.2 0.616E+01-0.125E+01-0.198E+01 0.474E+00
170420 2248 47.11 72  2.24 129 16.84    0.0    1.2 22 248 33.1 1.44 60.2 25.5 59.2 0.478E+03 0.107E+04 0.147E+03 0.260E+01
170423 0850 54.63 74 42.49 132 47.28    0.0    2.9 16 341313.0 0.77999.9865.7999.9 0.850E+06 0.135E+07 0.473E+06 0.277E+01
170423 1455 43.92 72 53.58 124 24.08   10.0    1.4 16 296 26.7 0.10  5.4  2.8  5.0-0.204E+00-0.664E+01-0.203E+01 0.273E+00
170423 2313 42.54 72 36.61 124 50.90   18.4    2.4 24 179 17.4 0.45  9.4  3.1  8.7 0.118E+02-0.949E+01 0.167E+01 0.900E+00
170424 0609 59.25 71 56.98 128  8.33    0.5    2.3 24 183 15.4 0.86 17.9999.9 17.3-0.760E+01 0.115E+05 0.126E+04 0.172E+01
170424 0755 27.50 71 56.98 128  8.45    0.0    1.9 24 183 15.4 0.86 16.7 11.9 16.0-0.276E+02 0.814E+02-0.164E+02 0.173E+01
170424 0755 27.23 71 56.26 128  9.24    0.0    2.0 24 187 16.4 0.77 15.4 10.7 14.9-0.231E+02 0.709E+02-0.137E+02 0.154E+01
170425 0652 23.91 71 57.13 128  7.94    0.0    2.1 18 181 15.2 0.82 16.7 12.5 16.0-0.267E+02 0.751E+02-0.161E+02 0.170E+01
170426 1834 23.99 71 33.93 131  3.07    0.0    2.2 16 317110.7 0.48 21.6  7.5 20.9-0.133E+02 0.998E+02-0.132E+02 0.528E+00
170426 1840 44.66 72 16.75 126 21.25   16.9    2.4 16  94 14.5 0.25  4.5  3.6  4.3 0.262E+00-0.314E+01 0.120E+01 0.591E+00
170427 0912 29.51 72  3.59 127 50.44    5.1    1.8 16 116 16.7 0.47  8.4 19.3  8.0 0.170E+00 0.831E+02-0.548E+01 0.104E+01
170427 0912 29.55 72  3.68 127 50.28    3.6    2.1 16 116 16.8 0.46  8.1 26.8  7.7 0.108E+00 0.112E+03-0.764E+01 0.101E+01
170427 1041 37.72 71 44.27 129 11.75    0.3    1.5 14 280 48.3 0.36 36.7 14.7 36.5-0.800E+02 0.488E+03-0.333E+02 0.674E+00
170427 2010 47.46 72 50.87 130 19.66    4.9    2.1 16 320109.4 0.35 16.6  4.1 15.8-0.880E+01-0.124E+02-0.388E+01 0.510E+00
170427 2010 46.95 72 51.61 130 23.17    2.0    2.1 16 320111.7 0.41 19.0  6.1 18.1-0.135E+02-0.279E+02-0.209E+01 0.578E+00
